commit 96294285910bbad21deaee2aa1df87ad9055a74a
Author: Kyle Kimery <kylekimery@utexas.edu>
Date:   Thu Mar 23 21:32:20 2017 -0500

    changed all social media

commit 0d8e94f6b5471e9930ce09ca000d869a4568ac56
Author: Nicholas Frawley <nfrawley93@gmail.com>
Date:   Thu Mar 23 21:18:50 2017 -0500

    update about info

commit 39d0c0c980993fc2a34cadee1c3bcdcf67fe4b56
Author: Kyle Kimery <kylekimery@utexas.edu>
Date:   Thu Mar 23 21:11:55 2017 -0500

    changed some social media stuff

commit 53a026b21b4f0226aaf579345e878e07704f4eca
Author: Nicholas Frawley <nfrawley93@gmail.com>
Date:   Thu Mar 23 21:10:37 2017 -0500

    update about us page

commit 076838d6b92b29f00b7ad340054620fabd1aea14
Author: Nicholas Frawley <nfrawley93@gmail.com>
Date:   Thu Mar 23 20:45:01 2017 -0500

    update about image

commit 083cb341a71738b43586a76869bb105d920a8a54
Author: Kyle Kimery <kylekimery@utexas.edu>
Date:   Thu Mar 23 20:41:08 2017 -0500

    update about page, final?

commit 5875bf105c400d99d14d91300e4da5c6d2fbbb15
Author: Kyle Kimery <kylekimery@utexas.edu>
Date:   Thu Mar 23 20:39:18 2017 -0500

    updated about page

commit 11343f28f05aa28e0f096c4598a98b439daade6a
Author: Nicholas Frawley <nfrawley93@gmail.com>
Date:   Thu Mar 23 20:34:24 2017 -0500

    Added final basic profile for all pages

commit dbc5854ebeb86bf6424ec11a6efb82f5cbad7622
Author: Nicholas Frawley <nfrawley93@gmail.com>
Date:   Thu Mar 23 19:48:09 2017 -0500

    Update profile pages

commit 6996b9de7c9071c49e8781af01272a38ee604418
Author: Nicholas Frawley <nfrawley93@gmail.com>
Date:   Thu Mar 23 17:35:35 2017 -0500

    merge dev to dev-nick

commit da62536c85aa625d848db90f972fe4acf0024ac2
Author: Roberto Salinas <robertocfz@utexas.edu>
Date:   Thu Mar 23 14:41:52 2017 -0500

    Fixed issue in villains model page.

commit ac2aca82ce3414c71a64b88c6693833e7f5740f2
Author: Shadiat <yojelade@gmail.com>
Date:   Thu Mar 23 14:36:48 2017 -0500

    xmen

commit 1eabaaa17c0608c53094218b9e192d1606ccd0ef
Author: Roberto Salinas <robertocfz@utexas.edu>
Date:   Thu Mar 23 14:31:45 2017 -0500

    Cleaned code and updated text and images.

commit 353f72020ba02bb64f081058ac53491afcec72d6
Author: Shadiat <yojelade@gmail.com>
Date:   Thu Mar 23 11:38:06 2017 -0500

    villains

commit ffd105051c4170e41e8bc4bab054fc45deebc325
Author: Nicholas Frawley <nfrawley93@gmail.com>
Date:   Thu Mar 23 11:00:53 2017 -0500

    fixed file types

commit 28acf6848797dc12b054a1fbca2413c36c59fc94
Author: Shadiat <yojelade@gmail.com>
Date:   Thu Mar 23 10:57:56 2017 -0500

    look new stuff

commit 1479ccb4d209b2d6ce89c2956c78a85c9618c19e
Merge: 958260d 4b2fdad
Author: Kyle Kimery <kylekimery@utexas.edu>
Date:   Thu Mar 23 02:00:47 2017 -0500

    Merge branch 'dev' of https://github.com/krkimery/krkimery.github.io into dev

commit 958260df726c6c1cf59fe56c869f9c07912663ba
Author: Kyle Kimery <kylekimery@utexas.edu>
Date:   Thu Mar 23 02:00:29 2017 -0500

    added image for cards example

commit 4b2fdad6f71686b9f33447c68c431fcdc4a50da7
Author: Ivy <ivy.markwell@utexas.edu>
Date:   Thu Mar 23 01:33:17 2017 -0500

    Created about.css, added temporary pictures, and correct names for team.

commit b722734aaf8a51f7c3a202653ab1f72099ff349b
Author: Nicholas Frawley <nfrawley93@gmail.com>
Date:   Wed Mar 22 21:14:44 2017 -0500

    Fixed anomalies

commit cfe4cc87ac26596f76f716cd1735d87cc726f9ce
Author: Nicholas Frawley <nfrawley93@gmail.com>
Date:   Wed Mar 22 21:05:07 2017 -0500

    Add all profile pages

commit d5bfb00877b465ab7d287c2db11b15f0c4bf6df9
Author: Roberto Salinas <robertocfz@utexas.edu>
Date:   Wed Mar 22 20:44:55 2017 -0500

    Added heroes, villains and orgs 2nd level pages.

commit 90306d45a3d328c97a9bc63cc5c3c931c27c85d4
Author: Shadiat <yojelade@gmail.com>
Date:   Wed Mar 22 19:39:01 2017 -0500

    new

commit 4b268f62af6af4bdcdefd683bc3b6d9053d29668
Author: Nicholas Frawley <nfrawley93@gmail.com>
Date:   Wed Mar 22 19:20:35 2017 -0500

    Update pointers

commit c9ae3e19cb9479c0cfb0c06b4066c19ab55e79e7
Author: Nicholas Frawley <nfrawley93@gmail.com>
Date:   Wed Mar 22 19:18:29 2017 -0500

    Update facebook type page along with href

commit 35e034ebf63c31a4269bc2dea269d9038b034302
Author: Shadiat <yojelade@gmail.com>
Date:   Wed Mar 22 18:43:21 2017 -0500

    shadiest changes

commit b4360e9d700ea1d026b0d0fa4f2ef0e509ebf472
Author: Kyle Kimery <kylekimery@utexas.edu>
Date:   Wed Mar 22 18:10:55 2017 -0500

    added hosting diagram

commit 1de35138d2bb3d4f0e7159907863b387061c390a
Merge: c62b0be 96333ea
Author: Kyle Kimery <kylekimery@utexas.edu>
Date:   Wed Mar 22 17:33:36 2017 -0500

    Merge branch 'dev' of https://github.com/krkimery/krkimery.github.io into dev

commit c62b0be0e1bd27106af63a7e33baa684a42cf5e2
Author: Kyle Kimery <kylekimery@utexas.edu>
Date:   Wed Mar 22 17:33:09 2017 -0500

    Added diagrams folder for the wiki

commit 96333eaea12e2fcbf5f57428731c0727c5951ebd
Author: Shadiat <yojelade@gmail.com>
Date:   Wed Mar 22 17:30:05 2017 -0500

    k

commit 63978cacf05efd1d9abe437af53980d4b02e7023
Author: Shadiat <yojelade@gmail.com>
Date:   Wed Mar 22 17:24:32 2017 -0500

    Update style.css

commit b7e98adc8e1955bea2fb4ed43b994e3813b48ca1
Author: Shadiat <yojelade@gmail.com>
Date:   Wed Mar 22 17:20:48 2017 -0500

    nb

commit 16b712a2aed84939d296e36c780b0968cbb77530
Author: Shadiat <yojelade@gmail.com>
Date:   Wed Mar 22 17:07:35 2017 -0500

    new back

commit 234b81cb6f5db9604380da90092117a788dc2a0b
Author: Shadiat <yojelade@gmail.com>
Date:   Wed Mar 22 17:06:44 2017 -0500

    new new

commit 215a8e34b8c7e9f138b24eb04752c24d1fec5a53
Author: Shadiat <yojelade@gmail.com>
Date:   Wed Mar 22 17:03:18 2017 -0500

    new background

commit f75765e6367c4c0811de92cc91e8c1b84555e953
Author: Nicholas Frawley <nfrawley93@gmail.com>
Date:   Wed Mar 22 12:43:37 2017 -0500

    Update face.html to display properly on firefox

commit 581533505ae41ca46465d10075cbca91243153b4
Author: Nicholas Frawley <nfrawley93@gmail.com>
Date:   Wed Mar 22 03:01:01 2017 -0500

    Fix small changes in splash and face pages

commit 9de03ae49d49d2ca401211059641ef4ae32b4989
Author: Nicholas Frawley <nfrawley93@gmail.com>
Date:   Wed Mar 22 02:54:16 2017 -0500

    Added a new CSS and HTML for a Facebook Style Page

commit e3e414bf1392c48b42bc324f94cac98ea985bd07
Author: Ivy <ivy.markwell@utexas.edu>
Date:   Tue Mar 21 09:29:51 2017 -0500

    Created the initial about us page structure.

commit 5fc26db61e85783e77ab87c6072dcf7e02be99ef
Author: Nicholas Frawley <nfrawley93@gmail.com>
Date:   Mon Mar 20 17:14:07 2017 -0500

    Pretty buttons on splash screen

commit 475f4c58b397bcad4582a35d07e350877a492c87
Author: Nicholas Frawley <nfrawley93@gmail.com>
Date:   Sun Mar 19 21:20:27 2017 -0500

    fix margin issue

commit 509baf044c70d2a6d2ac12f7844d4cc87251b1f9
Author: Nicholas Frawley <nfrawley93@gmail.com>
Date:   Sun Mar 19 21:09:40 2017 -0500

    Add basic splash page

commit 7d7e1e0f3206e78f876f9f0d570fc90a243653f7
Author: Kyle Kimery <kylekimery@utexas.edu>
Date:   Sun Mar 19 20:53:03 2017 -0500

    testing behavior of README.md

commit 9fcb1dd8fecb1bd83d1d5856ccc8598c569b6744
Author: Kyle Kimery <kylekimery@utexas.edu>
Date:   Sun Mar 19 18:26:02 2017 -0500

    Added CNAME file for custom domain (ineedaherotosave.me)

commit 6ef132ddbc4893e47202ed2edf92fc165b42c3af
Author: Kyle Kimery <kylekimery@utexas.edu>
Date:   Sun Mar 19 18:26:00 2017 -0500

    Initial commit
