commit 43ff7309e5f9b34ce9dd0405e8988df09a2c2316
Merge: 94293d9 d5f28ed
Author: Ivy Markwell <Ivy Markwell>
Date:   Thu Apr 6 01:03:31 2017 -0500

    Merge branch 'dev-ivy' into development
    
    Merging to integrate recalculated stats

commit d5f28edc233caed29a36c729e4ce7e27afd3ae5f
Author: Ivy Markwell <Ivy Markwell>
Date:   Thu Apr 6 01:01:42 2017 -0500

    Recalculated stats

commit 94293d9e0c56a2182eaf7e4a532a800009e505d0
Author: Nicholas Frawley <nfrawley93@gmail.com>
Date:   Wed Apr 5 23:33:22 2017 -0500

    Add favicon to pages

commit deed3e9ed8cbd98926bb87cb3d29575b73e9a38f
Author: Kyle Kimery <kylekimery@utexas.edu>
Date:   Wed Apr 5 18:22:10 2017 -0500

    created git log

commit 8696ac8a291aa9a9def0ba2e67ad7fe284893591
Author: Kyle Kimery <kylekimery@utexas.edu>
Date:   Wed Apr 5 18:09:55 2017 -0500

    Fixed simple typo in Lex Luther profile

commit 3474391538e8bd813419ff15656c2c3b690fe96f
Author: robertocfz <robertocfz@utexas.edu>
Date:   Wed Apr 5 18:09:43 2017 -0500

    Updated text for Phoenix

commit 066913d954778ddaed8426426f1185fc3581fe53
Author: robertocfz <robertocfz@utexas.edu>
Date:   Wed Apr 5 18:06:22 2017 -0500

    Text changes for Lex Luther

commit a4fba75e483f3974b2f02ce6a44a198dfeb44c13
Author: robertocfz <robertocfz@utexas.edu>
Date:   Wed Apr 5 18:05:02 2017 -0500

    Fix Lex Luthor Broken Link

commit e16a9cfdaa1d038650166498d400bf41b41b0a20
Author: Kyle Kimery <kylekimery@utexas.edu>
Date:   Wed Apr 5 18:05:01 2017 -0500

    fixed broken tag in Justice League profile

commit f6fb7b1fe021032422a81877764e1cec2443b158
Author: robertocfz <robertocfz@utexas.edu>
Date:   Wed Apr 5 17:58:25 2017 -0500

    Fixed link href tag issue

commit 62d839311c653a0a3d797d4f24ce1827c77d610d
Merge: d9548cf f4d2fb1
Author: Roberto Salinas <robertocfz@utexas.edu>
Date:   Wed Apr 5 17:38:26 2017 -0500

    Merge branch 'dev-roberto' into development

commit f4d2fb18d07c1152fc1d7f3fcb90a07b6efcb02e
Author: Roberto Salinas <robertocfz@utexas.edu>
Date:   Wed Apr 5 17:37:24 2017 -0500

    Fixed padding issues, navbar consistency, and html titles for issues #55, #47, and #45.

commit d9548cfb2c72028d93ce6c197be1c85623eb341b
Author: Kyle Kimery <kylekimery@utexas.edu>
Date:   Wed Apr 5 17:29:36 2017 -0500

    changed kingpin photo

commit 6dbedbdfd567422f6010f5af9feb4de90545e48d
Author: Shadiat <yojelade@gmail.com>
Date:   Wed Apr 5 13:49:46 2017 -0500

    change hero about me's to more descriptions

commit 87d92b7f0b4ed4374883298dfd0b4e4f4b3fb8ca
Author: Nicholas Frawley <nfrawley93@gmail.com>
Date:   Wed Apr 5 05:30:45 2017 -0500

    Fix sort buttons to stay within bounds

commit 8ca7c71fb728e2a043232e6f29cb8a5d884660d6
Author: Nicholas Frawley <nfrawley93@gmail.com>
Date:   Wed Apr 5 05:14:36 2017 -0500

    Updated final navbar issues

commit f85f869b234f5f1e100297da117243938d2bda96
Author: Nicholas Frawley <nfrawley93@gmail.com>
Date:   Wed Apr 5 05:13:32 2017 -0500

    Continue to fix navbar dimensions

commit c927c74036390999e1f279cdf1a6f68cb49573a8
Author: Nicholas Frawley <nfrawley93@gmail.com>
Date:   Wed Apr 5 05:11:59 2017 -0500

    Update navbar widths to be similar

commit 9d9720c77806fb330a8c94d3b85f5298ddda993e
Author: nfrawley <nfrawley93@users.noreply.github.com>
Date:   Wed Apr 5 05:07:22 2017 -0500

    Match red color with button color

commit 5612b39b1289d594fd29d543dc14773961694b6b
Merge: 186e6fb 76514d0
Author: Ivy Markwell <Ivy Markwell>
Date:   Wed Apr 5 04:10:45 2017 -0500

    Merge branch 'dev-ivy' into development
    
    Merging to change arrow heads to unicode

commit 76514d09197eacee0f1fd1e2f34c47514c098cb7
Author: Ivy Markwell <Ivy Markwell>
Date:   Wed Apr 5 04:10:22 2017 -0500

    Changed arrow head triangles to unicode text

commit 186e6fbdde4de6e47fe0399f1d12cf9ee8bc58f6
Merge: 0e430b6 f018c37
Author: Ivy Markwell <Ivy Markwell>
Date:   Wed Apr 5 02:55:39 2017 -0500

    Merge branch 'dev-ivy' into development
    
    Committing again to readd code from up/down arrow functionality.

commit f018c378f43f7088d688ca5bf8e05e606b15bea0
Author: Ivy Markwell <Ivy Markwell>
Date:   Wed Apr 5 02:55:17 2017 -0500

    Readded up/down arrow code functionality

commit 0e430b6b47f8018332d17730260155533ae3932b
Merge: 23fe814 18d85fa
Author: Ivy Markwell <Ivy Markwell>
Date:   Wed Apr 5 02:50:00 2017 -0500

    Merge branch 'dev-ivy' into development
    
    Merging to fix javascript bug from issue #46

commit 18d85faa0413bf9e2506da62f53f63da4f381943
Author: Ivy Markwell <Ivy Markwell>
Date:   Wed Apr 5 02:49:34 2017 -0500

    Fixed javascript bug from issue #46, of things not sorting

commit 23fe8149471e5bc8d854c289af3bc1aa09a40dc2
Merge: a407500 7906e82
Author: Ivy Markwell <Ivy Markwell>
Date:   Wed Apr 5 01:42:08 2017 -0500

    Merge branch 'dev-ivy' into development
    
    Merged to add up/down arrow search functionality

commit 7906e828ac09a45610c8b3ea9531c53f1fb221dd
Author: Ivy Markwell <Ivy Markwell>
Date:   Wed Apr 5 01:41:35 2017 -0500

    Added up/down search arrow functionality

commit a4075002f96ae4563356907aaa6103c739be47ea
Merge: 4f2d309 9dccca8
Author: Ivy Markwell <Ivy Markwell>
Date:   Wed Apr 5 00:04:25 2017 -0500

    Merge branch 'dev-ivy' into development
    
    Merging to add KrKimery stats

commit 9dccca89630239cb0b9042bef61f9f863710445c
Author: Ivy Markwell <Ivy Markwell>
Date:   Wed Apr 5 00:03:58 2017 -0500

    Missed Kyle's stats, now added

commit 4f2d3091ce2c26fba02ba026cf4552dec5813fe0
Merge: 56812d1 ba00b80
Author: Ivy Markwell <Ivy Markwell>
Date:   Tue Apr 4 23:44:22 2017 -0500

    Merge branch 'development' of https://github.com/krkimery/krkimery.github.io into development

commit ba00b8003f2efaac93aa6810d2110903a057eedc
Author: Shadiat <yojelade@gmail.com>
Date:   Tue Apr 4 23:43:11 2017 -0500

    fixed profiles

commit 56812d1e257daea9876def2d173ce9c3b0aac74c
Merge: 3b87d02 f72f586
Author: Ivy Markwell <Ivy Markwell>
Date:   Tue Apr 4 23:43:08 2017 -0500

    Merge branch 'dev-ivy' into development
    
    Merging to integrate calculated stats into development.

commit f72f586687c73bf40f9f56ca16c9c771fcd04503
Author: Ivy Markwell <Ivy Markwell>
Date:   Tue Apr 4 23:35:21 2017 -0500

    Calculated current stats for project 4 only, and added them int o about me page. Subject to change.

commit 3b87d022d98987e217d0f58e7bf30471ac62973f
Author: Roberto Salinas <robertocfz@utexas.edu>
Date:   Tue Apr 4 23:20:50 2017 -0500

    Updated model pages and css. Fixes issues #42 and #44.

commit 5a27ed310686a10b418c302ee5cad4d7687ea74c
Merge: 95b9a7c 9e8e1d4
Author: Kyle Kimery <kylekimery@utexas.edu>
Date:   Tue Apr 4 20:50:17 2017 -0500

    finishing the renaming process

commit 9e8e1d4d41cf72f193db931511bc20d7db6b3410
Merge: 43fe2fa 3d3472c
Author: Kyle Kimery <kylekimery@utexas.edu>
Date:   Tue Apr 4 20:48:22 2017 -0500

    finishing the renaming process for navigation

commit 3d3472c1c09e7d0d8333f6af56720d8f6345ae2c
Author: Kyle Kimery <kylekimery@utexas.edu>
Date:   Tue Apr 4 20:47:22 2017 -0500

    completing the renaming process for navigation

commit 11bd23a9a3b44461de2d00a1c18b764f5f1e11f0
Author: Kyle Kimery <kylekimery@utexas.edu>
Date:   Tue Apr 4 20:46:44 2017 -0500

    renaming files for navigation

commit 43fe2fa3050c874d75170d6245eb58d1739bdd2a
Author: Kyle Kimery <kylekimery@utexas.edu>
Date:   Tue Apr 4 20:46:11 2017 -0500

    renaming files for navigation

commit 95b9a7c8a092dd3f63cc6480fd31b40147a7f95a
Author: Kyle Kimery <kylekimery@utexas.edu>
Date:   Tue Apr 4 20:45:31 2017 -0500

    renaming files for naviagtaion

commit af6d0072904e95a64f3722a5aec21c111c7a5355
Merge: 2242d9e 497bff3
Author: Kyle Kimery <kylekimery@utexas.edu>
Date:   Tue Apr 4 20:32:05 2017 -0500

    Merge branch 'development'

commit 497bff36f9e3da9663d33fc370073a996cdaf9fa
Author: Shadiat <yojelade@gmail.com>
Date:   Tue Apr 4 20:27:43 2017 -0500

    n

commit 42b1b234aedab5f9e721971d983ee57c23632adf
Author: Shadiat <yojelade@gmail.com>
Date:   Tue Apr 4 20:27:31 2017 -0500

    new changes

commit 2242d9ef3116d22a4e9ce906383f75faad5dd857
Merge: 6741155 7356c11
Author: Kyle Kimery <kylekimery@utexas.edu>
Date:   Tue Apr 4 20:09:37 2017 -0500

    Merge branch 'development'

commit 7356c114923153ce4553f7b3abc7b127b273f1af
Merge: b84e642 a80bdbc
Author: Kyle Kimery <kylekimery@utexas.edu>
Date:   Tue Apr 4 20:05:18 2017 -0500

    Merge branch 'dev-shadiat' of https://github.com/krkimery/krkimery.github.io into dev-shadiat

commit 674115512341963cf8edd99479abaf36db7ff382
Merge: c9acc7c b84e642
Author: Kyle Kimery <kylekimery@utexas.edu>
Date:   Tue Apr 4 19:59:28 2017 -0500

    Merge branch 'development'

commit b84e6424b6d572800c39709a23a67224a4e3a86d
Author: Kyle Kimery <kylekimery@utexas.edu>
Date:   Tue Apr 4 16:50:56 2017 -0500

    Fixed date sorting bug, removed JS welcome message

commit a80bdbc5ed123afc6b2c958f9de38347c74a9406
Author: Shadiat <yojelade@gmail.com>
Date:   Tue Apr 4 14:48:52 2017 -0500

    phoenix

commit 4468b05f26b02383df73de64866cbc35697e97bd
Merge: 8667627 fb4738e
Author: Nicholas Frawley <nfrawley93@gmail.com>
Date:   Tue Apr 4 05:19:34 2017 -0500

    merge

commit 86676274fa3c022f8bc6bf1ce67a58616b3b1a7a
Author: Nicholas Frawley <nfrawley93@gmail.com>
Date:   Tue Apr 4 05:17:50 2017 -0500

    remove duplicate files

commit fb4738e9431ffad103f19f8420c864dc75d69caf
Author: Nicholas Frawley <nfrawley93@gmail.com>
Date:   Tue Apr 4 05:17:13 2017 -0500

    update head for files

commit f87a5f6875c95902b6d690a82e159a83624c233e
Author: Nicholas Frawley <nfrawley93@gmail.com>
Date:   Tue Apr 4 05:06:55 2017 -0500

    Add pagination and sorting

commit c44f5393ef5b0c913a34b824a7a24d46045db237
Author: Nicholas Frawley <nfrawley93@gmail.com>
Date:   Tue Apr 4 03:14:20 2017 -0500

    update files

commit c9acc7cce23ebf2fab270adab1cfb569bbbe307d
Author: Kyle Kimery <kylekimery@utexas.edu>
Date:   Tue Apr 4 01:40:41 2017 -0500

    Added pagination diagram (for wiki) to master

commit 95d1b7b2a9ce0feb2042904dafa968795673410e
Author: Kyle Kimery <kylekimery@utexas.edu>
Date:   Tue Apr 4 01:38:20 2017 -0500

    created digaram for pagination in the wiki

commit a6f997a0f8d5032e124fe6d9a5c5328814395c19
Author: Roberto Salinas <robertocfz@utexas.edu>
Date:   Tue Apr 4 00:06:58 2017 -0500

    Fixed #39 by adding new villains.

commit e00c3c149398b9241ec77e9c92e597bab6cdda0a
Author: Kyle Kimery <kylekimery@utexas.edu>
Date:   Mon Apr 3 21:54:10 2017 -0500

    added pagination to all models

commit 3be4f1f7beff7dbc1b884d88bf9a401d98bcd858
Author: Kyle Kimery <kylekimery@utexas.edu>
Date:   Mon Apr 3 20:24:29 2017 -0500

    merged dev-kyle with development

commit 2fb9b725680b36c4903294aecbd8f1e138d468d7
Author: Roberto Salinas <robertocfz@utexas.edu>
Date:   Mon Apr 3 19:43:16 2017 -0500

    Updated Heroes model page.

commit 302d73fc584c9f81bbc34d57e89168d30cd386e7
Author: Roberto Salinas <robertocfz@utexas.edu>
Date:   Mon Apr 3 19:25:24 2017 -0500

    Updated Villain model page.

commit 02b0d3dc430aeb2474fe3fe8e5805277c5ecd86c
Author: Roberto Salinas <robertocfz@utexas.edu>
Date:   Mon Apr 3 19:24:23 2017 -0500

    Updated orgs model page.

commit eac97b47140af5055571941000f3d0cd8721b5a5
Author: Roberto Salinas <robertocfz@utexas.edu>
Date:   Mon Apr 3 19:23:39 2017 -0500

    Updated heroes model page.

commit 04f964e3960c333a56b577158738c704ab464017
Merge: e4116fa 31556bd
Author: Roberto Salinas <robertocfz@utexas.edu>
Date:   Mon Apr 3 17:00:34 2017 -0500

    Merge branch 'development' of https://github.com/krkimery/krkimery.github.io into development

commit 31556bdeab0d3e95d5afe6b3336a9cc9b2e33c73
Author: Ivy Markwell <Ivy Markwell>
Date:   Mon Apr 3 16:45:08 2017 -0500

    Changed affiliations and added links

commit e4116fa60d437c978bb08142bb2d44b5016a716d
Author: Roberto Salinas <robertocfz@utexas.edu>
Date:   Mon Apr 3 16:29:01 2017 -0500

    Redesigned villian model page.

commit 5db837e718078424f5c83c0b757eafea96f6c54b
Author: Roberto Salinas <robertocfz@utexas.edu>
Date:   Mon Apr 3 16:28:23 2017 -0500

    Redesigned organizations model page.

commit 7348c9373fbd7f18c4cb61b215cca0b26cc3f3d8
Author: Roberto Salinas <robertocfz@utexas.edu>
Date:   Mon Apr 3 16:27:11 2017 -0500

    Started redesigning hero and css files.

commit cf8c0f972cefc93aa9cd474d74bf1f19f75a0343
Author: Ivy Markwell <Ivy Markwell>
Date:   Mon Apr 3 16:08:14 2017 -0500

    Created placeholders for the per person stats on the about page

commit 96edddd20dc0f7f91673eeada5304d1416c7ed00
Author: Ivy Markwell <Ivy Markwell>
Date:   Mon Apr 3 01:17:41 2017 -0500

    Created venom profile

commit 9c3234ac81f489427cd19fe75941b40e02a2023b
Author: Ivy Markwell <Ivy Markwell>
Date:   Mon Apr 3 01:12:50 2017 -0500

    Created two-face profile

commit 2d80cb77d352dd2dbb6ef44f169163eca4cb7b4c
Author: Ivy Markwell <Ivy Markwell>
Date:   Mon Apr 3 01:10:51 2017 -0500

    Created magneto profile

commit c2a9271b1d6afe91655f58badc98de72b77d46db
Author: Ivy Markwell <Ivy Markwell>
Date:   Mon Apr 3 01:10:24 2017 -0500

    Created kingpin profile

commit 1f33b6899882d5dee4c50baefd2060f501c31011
Author: Ivy Markwell <Ivy Markwell>
Date:   Mon Apr 3 01:09:29 2017 -0500

    Created catwoman profile

commit 95ecd0c5fc241f5dbbc0143011a6d02a575ebdc5
Author: Kyle Kimery <kylekimery@utexas.edu>
Date:   Mon Apr 3 00:38:42 2017 -0500

    Created Teen Titans Org page

commit 3c6b803a51bc14f6a3385db66203e7d5bae18c60
Author: Kyle Kimery <kylekimery@utexas.edu>
Date:   Sun Apr 2 23:47:39 2017 -0500

    created League of Shadows profile

commit fd0970ef7aa697def96d286fab6df892516e998b
Author: Kyle Kimery <kylekimery@utexas.edu>
Date:   Sun Apr 2 23:17:43 2017 -0500

    added 3 images for new orgs, created EVIL org page

commit 5fd2f5750b6a6a71784f50269311245d1be2d5fb
Author: Kyle Kimery <kylekimery@utexas.edu>
Date:   Thu Mar 23 21:51:13 2017 -0500

    log updated, final

commit dd0ca4c45c0bdf25e36cc0635c953dda4e56e411
Merge: cdbf029 b71a0a7
Author: Nicholas Frawley <nfrawley93@gmail.com>
Date:   Thu Mar 23 21:50:17 2017 -0500

    Merge branch 'master' of https://github.com/krkimery/krkimery.github.io

commit cdbf029bbd09ffcb1846d98ae45c740eb8ad7ee0
Author: Nicholas Frawley <nfrawley93@gmail.com>
Date:   Thu Mar 23 21:49:13 2017 -0500

    update

commit 09d74b2e8de32917246f24404fce89feb73663b5
Author: Roberto Salinas <robertocfz@utexas.edu>
Date:   Thu Mar 23 21:47:29 2017 -0500

    Cleaned code and updated text.

commit b71a0a70bd6f325eff93c0de1997c0278356d6f0
Author: Kyle Kimery <kylekimery@utexas.edu>
Date:   Thu Mar 23 21:45:34 2017 -0500

    updated log

commit a30a3167ad50346ad9596cf1b04321c393e71e12
Author: Nicholas Frawley <nfrawley93@gmail.com>
Date:   Thu Mar 23 21:44:49 2017 -0500

    Update page links

commit abd6854585ec48ac877b574f1aa79a4733524134
Author: Nicholas Frawley <nfrawley93@gmail.com>
Date:   Thu Mar 23 21:43:30 2017 -0500

    Update about info

commit 606aae78e32af8ed8021d1d5e518f97fa991cef6
Author: Nicholas Frawley <nfrawley93@gmail.com>
Date:   Thu Mar 23 21:42:24 2017 -0500

    updated profiles

commit e5d0ecfeb41c89e6de8acdeecc28e7769d7dc8f8
Merge: 4a21b6c a898344
Author: Nicholas Frawley <nfrawley93@gmail.com>
Date:   Thu Mar 23 21:37:20 2017 -0500

    Merge branch 'dev-nick'

commit a898344235eb785463f5dc307297f81fcc33a2cc
Merge: ab5848b 890efd7
Author: Kyle Kimery <kylekimery@utexas.edu>
Date:   Thu Mar 23 21:36:04 2017 -0500

    created log file

commit ab5848b751bd34183568fc659bbd3e0aeed6aea5
Author: Kyle Kimery <kylekimery@utexas.edu>
Date:   Thu Mar 23 21:34:44 2017 -0500

    created log

commit 890efd7fccfa8c82ea9519af0573107801c39b8f
Author: Nicholas Frawley <nfrawley93@gmail.com>
Date:   Thu Mar 23 21:34:02 2017 -0500

    Update About html

commit 96294285910bbad21deaee2aa1df87ad9055a74a
Author: Kyle Kimery <kylekimery@utexas.edu>
Date:   Thu Mar 23 21:32:20 2017 -0500

    changed all social media

commit 4a21b6c2ee671c602d1da1504902416e18d72603
Merge: ce36d1b 0d8e94f
Author: Nicholas Frawley <nfrawley93@gmail.com>
Date:   Thu Mar 23 21:19:23 2017 -0500

    Merge branch 'dev-nick'

commit 0d8e94f6b5471e9930ce09ca000d869a4568ac56
Author: Nicholas Frawley <nfrawley93@gmail.com>
Date:   Thu Mar 23 21:18:50 2017 -0500

    update about info

commit ce36d1b04292816a1801636ab64f1879b389e925
Author: Kyle Kimery <kylekimery@utexas.edu>
Date:   Thu Mar 23 21:13:49 2017 -0500

    updated files

commit 39d0c0c980993fc2a34cadee1c3bcdcf67fe4b56
Author: Kyle Kimery <kylekimery@utexas.edu>
Date:   Thu Mar 23 21:11:55 2017 -0500

    changed some social media stuff

commit 53a026b21b4f0226aaf579345e878e07704f4eca
Author: Nicholas Frawley <nfrawley93@gmail.com>
Date:   Thu Mar 23 21:10:37 2017 -0500

    update about us page

commit 076838d6b92b29f00b7ad340054620fabd1aea14
Author: Nicholas Frawley <nfrawley93@gmail.com>
Date:   Thu Mar 23 20:45:01 2017 -0500

    update about image

commit 083cb341a71738b43586a76869bb105d920a8a54
Author: Kyle Kimery <kylekimery@utexas.edu>
Date:   Thu Mar 23 20:41:08 2017 -0500

    update about page, final?

commit 5875bf105c400d99d14d91300e4da5c6d2fbbb15
Author: Kyle Kimery <kylekimery@utexas.edu>
Date:   Thu Mar 23 20:39:18 2017 -0500

    updated about page

commit 11343f28f05aa28e0f096c4598a98b439daade6a
Author: Nicholas Frawley <nfrawley93@gmail.com>
Date:   Thu Mar 23 20:34:24 2017 -0500

    Added final basic profile for all pages

commit dbc5854ebeb86bf6424ec11a6efb82f5cbad7622
Author: Nicholas Frawley <nfrawley93@gmail.com>
Date:   Thu Mar 23 19:48:09 2017 -0500

    Update profile pages

commit 6996b9de7c9071c49e8781af01272a38ee604418
Author: Nicholas Frawley <nfrawley93@gmail.com>
Date:   Thu Mar 23 17:35:35 2017 -0500

    merge dev to dev-nick

commit da62536c85aa625d848db90f972fe4acf0024ac2
Author: Roberto Salinas <robertocfz@utexas.edu>
Date:   Thu Mar 23 14:41:52 2017 -0500

    Fixed issue in villains model page.

commit ac2aca82ce3414c71a64b88c6693833e7f5740f2
Author: Shadiat <yojelade@gmail.com>
Date:   Thu Mar 23 14:36:48 2017 -0500

    xmen

commit 1eabaaa17c0608c53094218b9e192d1606ccd0ef
Author: Roberto Salinas <robertocfz@utexas.edu>
Date:   Thu Mar 23 14:31:45 2017 -0500

    Cleaned code and updated text and images.

commit 353f72020ba02bb64f081058ac53491afcec72d6
Author: Shadiat <yojelade@gmail.com>
Date:   Thu Mar 23 11:38:06 2017 -0500

    villains

commit ffd105051c4170e41e8bc4bab054fc45deebc325
Author: Nicholas Frawley <nfrawley93@gmail.com>
Date:   Thu Mar 23 11:00:53 2017 -0500

    fixed file types

commit 28acf6848797dc12b054a1fbca2413c36c59fc94
Author: Shadiat <yojelade@gmail.com>
Date:   Thu Mar 23 10:57:56 2017 -0500

    look new stuff

commit 1479ccb4d209b2d6ce89c2956c78a85c9618c19e
Merge: 958260d 4b2fdad
Author: Kyle Kimery <kylekimery@utexas.edu>
Date:   Thu Mar 23 02:00:47 2017 -0500

    Merge branch 'dev' of https://github.com/krkimery/krkimery.github.io into dev

commit 958260df726c6c1cf59fe56c869f9c07912663ba
Author: Kyle Kimery <kylekimery@utexas.edu>
Date:   Thu Mar 23 02:00:29 2017 -0500

    added image for cards example

commit 4b2fdad6f71686b9f33447c68c431fcdc4a50da7
Author: Ivy <ivy.markwell@utexas.edu>
Date:   Thu Mar 23 01:33:17 2017 -0500

    Created about.css, added temporary pictures, and correct names for team.

commit b722734aaf8a51f7c3a202653ab1f72099ff349b
Author: Nicholas Frawley <nfrawley93@gmail.com>
Date:   Wed Mar 22 21:14:44 2017 -0500

    Fixed anomalies

commit cfe4cc87ac26596f76f716cd1735d87cc726f9ce
Author: Nicholas Frawley <nfrawley93@gmail.com>
Date:   Wed Mar 22 21:05:07 2017 -0500

    Add all profile pages

commit d5bfb00877b465ab7d287c2db11b15f0c4bf6df9
Author: Roberto Salinas <robertocfz@utexas.edu>
Date:   Wed Mar 22 20:44:55 2017 -0500

    Added heroes, villains and orgs 2nd level pages.

commit 90306d45a3d328c97a9bc63cc5c3c931c27c85d4
Author: Shadiat <yojelade@gmail.com>
Date:   Wed Mar 22 19:39:01 2017 -0500

    new

commit 4b268f62af6af4bdcdefd683bc3b6d9053d29668
Author: Nicholas Frawley <nfrawley93@gmail.com>
Date:   Wed Mar 22 19:20:35 2017 -0500

    Update pointers

commit c9ae3e19cb9479c0cfb0c06b4066c19ab55e79e7
Author: Nicholas Frawley <nfrawley93@gmail.com>
Date:   Wed Mar 22 19:18:29 2017 -0500

    Update facebook type page along with href

commit 35e034ebf63c31a4269bc2dea269d9038b034302
Author: Shadiat <yojelade@gmail.com>
Date:   Wed Mar 22 18:43:21 2017 -0500

    shadiest changes

commit b4360e9d700ea1d026b0d0fa4f2ef0e509ebf472
Author: Kyle Kimery <kylekimery@utexas.edu>
Date:   Wed Mar 22 18:10:55 2017 -0500

    added hosting diagram

commit 1de35138d2bb3d4f0e7159907863b387061c390a
Merge: c62b0be 96333ea
Author: Kyle Kimery <kylekimery@utexas.edu>
Date:   Wed Mar 22 17:33:36 2017 -0500

    Merge branch 'dev' of https://github.com/krkimery/krkimery.github.io into dev

commit c62b0be0e1bd27106af63a7e33baa684a42cf5e2
Author: Kyle Kimery <kylekimery@utexas.edu>
Date:   Wed Mar 22 17:33:09 2017 -0500

    Added diagrams folder for the wiki

commit 96333eaea12e2fcbf5f57428731c0727c5951ebd
Author: Shadiat <yojelade@gmail.com>
Date:   Wed Mar 22 17:30:05 2017 -0500

    k

commit 63978cacf05efd1d9abe437af53980d4b02e7023
Author: Shadiat <yojelade@gmail.com>
Date:   Wed Mar 22 17:24:32 2017 -0500

    Update style.css

commit b7e98adc8e1955bea2fb4ed43b994e3813b48ca1
Author: Shadiat <yojelade@gmail.com>
Date:   Wed Mar 22 17:20:48 2017 -0500

    nb

commit 16b712a2aed84939d296e36c780b0968cbb77530
Author: Shadiat <yojelade@gmail.com>
Date:   Wed Mar 22 17:07:35 2017 -0500

    new back

commit 234b81cb6f5db9604380da90092117a788dc2a0b
Author: Shadiat <yojelade@gmail.com>
Date:   Wed Mar 22 17:06:44 2017 -0500

    new new

commit 215a8e34b8c7e9f138b24eb04752c24d1fec5a53
Author: Shadiat <yojelade@gmail.com>
Date:   Wed Mar 22 17:03:18 2017 -0500

    new background

commit f75765e6367c4c0811de92cc91e8c1b84555e953
Author: Nicholas Frawley <nfrawley93@gmail.com>
Date:   Wed Mar 22 12:43:37 2017 -0500

    Update face.html to display properly on firefox

commit 581533505ae41ca46465d10075cbca91243153b4
Author: Nicholas Frawley <nfrawley93@gmail.com>
Date:   Wed Mar 22 03:01:01 2017 -0500

    Fix small changes in splash and face pages

commit 9de03ae49d49d2ca401211059641ef4ae32b4989
Author: Nicholas Frawley <nfrawley93@gmail.com>
Date:   Wed Mar 22 02:54:16 2017 -0500

    Added a new CSS and HTML for a Facebook Style Page

commit e3e414bf1392c48b42bc324f94cac98ea985bd07
Author: Ivy <ivy.markwell@utexas.edu>
Date:   Tue Mar 21 09:29:51 2017 -0500

    Created the initial about us page structure.

commit 5fc26db61e85783e77ab87c6072dcf7e02be99ef
Author: Nicholas Frawley <nfrawley93@gmail.com>
Date:   Mon Mar 20 17:14:07 2017 -0500

    Pretty buttons on splash screen

commit 475f4c58b397bcad4582a35d07e350877a492c87
Author: Nicholas Frawley <nfrawley93@gmail.com>
Date:   Sun Mar 19 21:20:27 2017 -0500

    fix margin issue

commit 509baf044c70d2a6d2ac12f7844d4cc87251b1f9
Author: Nicholas Frawley <nfrawley93@gmail.com>
Date:   Sun Mar 19 21:09:40 2017 -0500

    Add basic splash page

commit 7d7e1e0f3206e78f876f9f0d570fc90a243653f7
Author: Kyle Kimery <kylekimery@utexas.edu>
Date:   Sun Mar 19 20:53:03 2017 -0500

    testing behavior of README.md

commit 9fcb1dd8fecb1bd83d1d5856ccc8598c569b6744
Author: Kyle Kimery <kylekimery@utexas.edu>
Date:   Sun Mar 19 18:26:02 2017 -0500

    Added CNAME file for custom domain (ineedaherotosave.me)

commit 6ef132ddbc4893e47202ed2edf92fc165b42c3af
Author: Kyle Kimery <kylekimery@utexas.edu>
Date:   Sun Mar 19 18:26:00 2017 -0500

    Initial commit
